# JRE version: Java(TM) SE Runtime Environment (8.0_112-b15) (build 1.8.0_112-b15)
# Java VM: Java HotSpot(TM) 64-Bit Server VM (25.112-b15 mixed mode windows-amd64 compressed oops)
Heap:
 PSYoungGen      total 256000K, used 183588K [0x00000000eb180000, 0x00000000ffa80000, 0x0000000100000000)
  eden space 176128K, 97% used [0x00000000eb180000,0x00000000f59b3558,0x00000000f5d80000)
  from space 79872K, 14% used [0x00000000f5d80000,0x00000000f6895db8,0x00000000fab80000)
  to   space 78336K, 0% used [0x00000000fae00000,0x00000000fae00000,0x00000000ffa80000)
 ParOldGen       total 326144K, used 218955K [0x00000000c1400000, 0x00000000d5280000, 0x00000000eb180000)
  object space 326144K, 67% used [0x00000000c1400000,0x00000000ce9d2e38,0x00000000d5280000)
 Metaspace       used 908174K, capacity 912146K, committed 914816K, reserved 1853440K
  class space    used 109657K, capacity 110449K, committed 110976K, reserved 1048576K
GC Heap History (10 events):
Event: 25360.037 GC heap before
{Heap before GC invocations=388 (full 15):
 PSYoungGen      total 252928K, used 230613K [0x00000000eb180000, 0x0000000100000000, 0x0000000100000000)
  eden space 173568K, 100% used [0x00000000eb180000,0x00000000f5b00000,0x00000000f5b00000)
  from space 79360K, 71% used [0x00000000fb280000,0x00000000fea35480,0x0000000100000000)
  to   space 84480K, 0% used [0x00000000f5b00000,0x00000000f5b00000,0x00000000fad80000)
 ParOldGen       total 326144K, used 208667K [0x00000000c1400000, 0x00000000d5280000, 0x00000000eb180000)
  object space 326144K, 63% used [0x00000000c1400000,0x00000000cdfc6e80,0x00000000d5280000)
 Metaspace       used 879160K, capacity 883070K, committed 886016K, reserved 1828864K
  class space    used 106242K, capacity 106995K, committed 107520K, reserved 1048576K
Event: 25360.136 GC heap after
Heap after GC invocations=388 (full 15):
 PSYoungGen      total 224256K, used 50398K [0x00000000eb180000, 0x0000000100000000, 0x0000000100000000)
  eden space 173568K, 0% used [0x00000000eb180000,0x00000000eb180000,0x00000000f5b00000)
  from space 50688K, 99% used [0x00000000f5b00000,0x00000000f8c37830,0x00000000f8c80000)
  to   space 86016K, 0% used [0x00000000fac00000,0x00000000fac00000,0x0000000100000000)
 ParOldGen       total 326144K, used 208851K [0x00000000c1400000, 0x00000000d5280000, 0x00000000eb180000)
  object space 326144K, 64% used [0x00000000c1400000,0x00000000cdff4e80,0x00000000d5280000)
 Metaspace       used 879160K, capacity 883070K, committed 886016K, reserved 1828864K
  class space    used 106242K, capacity 106995K, committed 107520K, reserved 1048576K
}
Event: 25360.881 GC heap before
{Heap before GC invocations=389 (full 15):
 PSYoungGen      total 224256K, used 223966K [0x00000000eb180000, 0x0000000100000000, 0x0000000100000000)
  eden space 173568K, 100% used [0x00000000eb180000,0x00000000f5b00000,0x00000000f5b00000)
  from space 50688K, 99% used [0x00000000f5b00000,0x00000000f8c37830,0x00000000f8c80000)
  to   space 86016K, 0% used [0x00000000fac00000,0x00000000fac00000,0x0000000100000000)
 ParOldGen       total 326144K, used 208851K [0x00000000c1400000, 0x00000000d5280000, 0x00000000eb180000)
  object space 326144K, 64% used [0x00000000c1400000,0x00000000cdff4e80,0x00000000d5280000)
 Metaspace       used 879160K, capacity 883070K, committed 886016K, reserved 1828864K
  class space    used 106242K, capacity 106995K, committed 107520K, reserved 1048576K
Event: 25360.987 GC heap after
Heap after GC invocations=389 (full 15):
 PSYoungGen      total 259584K, used 40495K [0x00000000eb180000, 0x0000000100000000, 0x0000000100000000)
  eden space 173568K, 0% used [0x00000000eb180000,0x00000000eb180000,0x00000000f5b00000)
  from space 86016K, 47% used [0x00000000fac00000,0x00000000fd38be18,0x0000000100000000)
  to   space 82944K, 0% used [0x00000000f5b00000,0x00000000f5b00000,0x00000000fac00000)
 ParOldGen       total 326144K, used 208891K [0x00000000c1400000, 0x00000000d5280000, 0x00000000eb180000)
  object space 326144K, 64% used [0x00000000c1400000,0x00000000cdffee80,0x00000000d5280000)
 Metaspace       used 879160K, capacity 883070K, committed 886016K, reserved 1828864K
  class space    used 106242K, capacity 106995K, committed 107520K, reserved 1048576K
}
Event: 25365.977 GC heap before
{Heap before GC invocations=390 (full 15):
 PSYoungGen      total 259584K, used 214063K [0x00000000eb180000, 0x0000000100000000, 0x0000000100000000)
  eden space 173568K, 100% used [0x00000000eb180000,0x00000000f5b00000,0x00000000f5b00000)
  from space 86016K, 47% used [0x00000000fac00000,0x00000000fd38be18,0x0000000100000000)
  to   space 82944K, 0% used [0x00000000f5b00000,0x00000000f5b00000,0x00000000fac00000)
 ParOldGen       total 326144K, used 208891K [0x00000000c1400000, 0x00000000d5280000, 0x00000000eb180000)
  object space 326144K, 64% used [0x00000000c1400000,0x00000000cdffee80,0x00000000d5280000)
 Metaspace       used 884653K, capacity 888542K, committed 891392K, reserved 1832960K
  class space    used 107042K, capacity 107795K, committed 108288K, reserved 1048576K
Event: 25366.102 GC heap after
Heap after GC invocations=390 (full 15):
 PSYoungGen      total 185344K, used 11271K [0x00000000eb180000, 0x00000000ffc00000, 0x0000000100000000)
  eden space 173568K, 0% used [0x00000000eb180000,0x00000000eb180000,0x00000000f5b00000)
  from space 11776K, 95% used [0x00000000f5b00000,0x00000000f6601c78,0x00000000f6680000)
  to   space 82432K, 0% used [0x00000000fab80000,0x00000000fab80000,0x00000000ffc00000)
 ParOldGen       total 326144K, used 209451K [0x00000000c1400000, 0x00000000d5280000, 0x00000000eb180000)
  object space 326144K, 64% used [0x00000000c1400000,0x00000000ce08af78,0x00000000d5280000)
 Metaspace       used 884653K, capacity 888542K, committed 891392K, reserved 1832960K
  class space    used 107042K, capacity 107795K, committed 108288K, reserved 1048576K
}
Event: 25393.890 GC heap before
{Heap before GC invocations=391 (full 15):
 PSYoungGen      total 185344K, used 184839K [0x00000000eb180000, 0x00000000ffc00000, 0x0000000100000000)
  eden space 173568K, 100% used [0x00000000eb180000,0x00000000f5b00000,0x00000000f5b00000)
  from space 11776K, 95% used [0x00000000f5b00000,0x00000000f6601c78,0x00000000f6680000)
  to   space 82432K, 0% used [0x00000000fab80000,0x00000000fab80000,0x00000000ffc00000)
 ParOldGen       total 326144K, used 209451K [0x00000000c1400000, 0x00000000d5280000, 0x00000000eb180000)
  object space 326144K, 64% used [0x00000000c1400000,0x00000000ce08af78,0x00000000d5280000)
 Metaspace       used 895541K, capacity 899530K, committed 902272K, reserved 1841152K
  class space    used 108372K, capacity 109157K, committed 109696K, reserved 1048576K
Event: 25394.125 GC heap after
Heap after GC invocations=391 (full 15):
 PSYoungGen      total 258560K, used 16843K [0x00000000eb180000, 0x0000000100000000, 0x0000000100000000)
  eden space 176128K, 0% used [0x00000000eb180000,0x00000000eb180000,0x00000000f5d80000)
  from space 82432K, 20% used [0x00000000fab80000,0x00000000fbbf2f48,0x00000000ffc00000)
  to   space 79872K, 0% used [0x00000000f5d80000,0x00000000f5d80000,0x00000000fab80000)
 ParOldGen       total 326144K, used 210678K [0x00000000c1400000, 0x00000000d5280000, 0x00000000eb180000)
  object space 326144K, 64% used [0x00000000c1400000,0x00000000ce1bda38,0x00000000d5280000)
 Metaspace       used 895541K, capacity 899530K, committed 902272K, reserved 1841152K
  class space    used 108372K, capacity 109157K, committed 109696K, reserved 1048576K
}
Event: 25396.643 GC heap before
{Heap before GC invocations=392 (full 15):
 PSYoungGen      total 258560K, used 192971K [0x00000000eb180000, 0x0000000100000000, 0x0000000100000000)
  eden space 176128K, 100% used [0x00000000eb180000,0x00000000f5d80000,0x00000000f5d80000)
  from space 82432K, 20% used [0x00000000fab80000,0x00000000fbbf2f48,0x00000000ffc00000)
  to   space 79872K, 0% used [0x00000000f5d80000,0x00000000f5d80000,0x00000000fab80000)
 ParOldGen       total 326144K, used 210678K [0x00000000c1400000, 0x00000000d5280000, 0x00000000eb180000)
  object space 326144K, 64% used [0x00000000c1400000,0x00000000ce1bda38,0x00000000d5280000)
 Metaspace       used 904522K, capacity 908462K, committed 911360K, reserved 1849344K
  class space    used 109291K, capacity 110059K, committed 110592K, reserved 1048576K
Event: 25396.747 GC heap after
Heap after GC invocations=392 (full 15):
 PSYoungGen      total 256000K, used 11351K [0x00000000eb180000, 0x00000000ffa80000, 0x0000000100000000)
  eden space 176128K, 0% used [0x00000000eb180000,0x00000000eb180000,0x00000000f5d80000)
  from space 79872K, 14% used [0x00000000f5d80000,0x00000000f6895db8,0x00000000fab80000)
  to   space 78336K, 0% used [0x00000000fae00000,0x00000000fae00000,0x00000000ffa80000)
 ParOldGen       total 326144K, used 218955K [0x00000000c1400000, 0x00000000d5280000, 0x00000000eb180000)
  object space 326144K, 67% used [0x00000000c1400000,0x00000000ce9d2e38,0x00000000d5280000)
 Metaspace       used 904522K, capacity 908462K, committed 911360K, reserved 1849344K
  class space    used 109291K, capacity 110059K, committed 110592K, reserved 1048576K
}

