# JRE version: Java(TM) SE Runtime Environment (8.0_112-b15) (build 1.8.0_112-b15)
# Java VM: Java HotSpot(TM) 64-Bit Server VM (25.112-b15 mixed mode windows-amd64 compressed oops)
Heap:
 PSYoungGen      total 254976K, used 33313K [0x00000000eb180000, 0x00000000ffc00000, 0x0000000100000000)
  eden space 170496K, 14% used [0x00000000eb180000,0x00000000ec8dd880,0x00000000f5800000)
  from space 84480K, 11% used [0x00000000fa980000,0x00000000fb2aaf10,0x00000000ffc00000)
  to   space 83456K, 0% used [0x00000000f5800000,0x00000000f5800000,0x00000000fa980000)
 ParOldGen       total 685568K, used 628947K [0x00000000c1400000, 0x00000000eb180000, 0x00000000eb180000)
  object space 685568K, 91% used [0x00000000c1400000,0x00000000e7a34ff0,0x00000000eb180000)
 Metaspace       used 2246269K, capacity 2254538K, committed 2258176K, reserved 3033088K
  class space    used 273568K, capacity 275440K, committed 275456K, reserved 1048576K
GC Heap History (10 events):
Event: 12117.781 GC heap before
{Heap before GC invocations=793 (full 17):
 PSYoungGen      total 197120K, used 197006K [0x00000000eb180000, 0x00000000ffa80000, 0x0000000100000000)
  eden space 152064K, 100% used [0x00000000eb180000,0x00000000f4600000,0x00000000f4600000)
  from space 45056K, 99% used [0x00000000f4600000,0x00000000f71e38f8,0x00000000f7200000)
  to   space 91648K, 0% used [0x00000000fa100000,0x00000000fa100000,0x00000000ffa80000)
 ParOldGen       total 685568K, used 616493K [0x00000000c1400000, 0x00000000eb180000, 0x00000000eb180000)
  object space 685568K, 89% used [0x00000000c1400000,0x00000000e6e0b4b8,0x00000000eb180000)
 Metaspace       used 2216681K, capacity 2224878K, committed 2228096K, reserved 3006464K
  class space    used 270111K, capacity 271958K, committed 272000K, reserved 1048576K
Event: 12117.871 GC heap after
Heap after GC invocations=793 (full 17):
 PSYoungGen      total 249344K, used 35397K [0x00000000eb180000, 0x0000000100000000, 0x0000000100000000)
  eden space 157696K, 0% used [0x00000000eb180000,0x00000000eb180000,0x00000000f4b80000)
  from space 91648K, 38% used [0x00000000fa100000,0x00000000fc3917b0,0x00000000ffa80000)
  to   space 87552K, 0% used [0x00000000f4b80000,0x00000000f4b80000,0x00000000fa100000)
 ParOldGen       total 685568K, used 616813K [0x00000000c1400000, 0x00000000eb180000, 0x00000000eb180000)
  object space 685568K, 89% used [0x00000000c1400000,0x00000000e6e5b4b8,0x00000000eb180000)
 Metaspace       used 2216681K, capacity 2224878K, committed 2228096K, reserved 3006464K
  class space    used 270111K, capacity 271958K, committed 272000K, reserved 1048576K
}
Event: 12123.212 GC heap before
{Heap before GC invocations=794 (full 17):
 PSYoungGen      total 249344K, used 193093K [0x00000000eb180000, 0x0000000100000000, 0x0000000100000000)
  eden space 157696K, 100% used [0x00000000eb180000,0x00000000f4b80000,0x00000000f4b80000)
  from space 91648K, 38% used [0x00000000fa100000,0x00000000fc3917b0,0x00000000ffa80000)
  to   space 87552K, 0% used [0x00000000f4b80000,0x00000000f4b80000,0x00000000fa100000)
 ParOldGen       total 685568K, used 616813K [0x00000000c1400000, 0x00000000eb180000, 0x00000000eb180000)
  object space 685568K, 89% used [0x00000000c1400000,0x00000000e6e5b4b8,0x00000000eb180000)
 Metaspace       used 2221568K, capacity 2229742K, committed 2233216K, reserved 3010560K
  class space    used 270817K, capacity 272662K, committed 272768K, reserved 1048576K
Event: 12123.271 GC heap after
Heap after GC invocations=794 (full 17):
 PSYoungGen      total 245248K, used 18455K [0x00000000eb180000, 0x00000000ffa00000, 0x0000000100000000)
  eden space 157696K, 0% used [0x00000000eb180000,0x00000000eb180000,0x00000000f4b80000)
  from space 87552K, 21% used [0x00000000f4b80000,0x00000000f5d85d88,0x00000000fa100000)
  to   space 86528K, 0% used [0x00000000fa580000,0x00000000fa580000,0x00000000ffa00000)
 ParOldGen       total 685568K, used 616829K [0x00000000c1400000, 0x00000000eb180000, 0x00000000eb180000)
  object space 685568K, 89% used [0x00000000c1400000,0x00000000e6e5f4b8,0x00000000eb180000)
 Metaspace       used 2221568K, capacity 2229742K, committed 2233216K, reserved 3010560K
  class space    used 270817K, capacity 272662K, committed 272768K, reserved 1048576K
}
Event: 12127.059 GC heap before
{Heap before GC invocations=795 (full 17):
 PSYoungGen      total 245248K, used 176151K [0x00000000eb180000, 0x00000000ffa00000, 0x0000000100000000)
  eden space 157696K, 100% used [0x00000000eb180000,0x00000000f4b80000,0x00000000f4b80000)
  from space 87552K, 21% used [0x00000000f4b80000,0x00000000f5d85d88,0x00000000fa100000)
  to   space 86528K, 0% used [0x00000000fa580000,0x00000000fa580000,0x00000000ffa00000)
 ParOldGen       total 685568K, used 616829K [0x00000000c1400000, 0x00000000eb180000, 0x00000000eb180000)
  object space 685568K, 89% used [0x00000000c1400000,0x00000000e6e5f4b8,0x00000000eb180000)
 Metaspace       used 2227872K, capacity 2236126K, committed 2239616K, reserved 3014656K
  class space    used 271628K, capacity 273502K, committed 273536K, reserved 1048576K
Event: 12127.129 GC heap after
Heap after GC invocations=795 (full 17):
 PSYoungGen      total 249856K, used 9112K [0x00000000eb180000, 0x00000000fff00000, 0x0000000100000000)
  eden space 163328K, 0% used [0x00000000eb180000,0x00000000eb180000,0x00000000f5100000)
  from space 86528K, 10% used [0x00000000fa580000,0x00000000fae66120,0x00000000ffa00000)
  to   space 86528K, 0% used [0x00000000f5100000,0x00000000f5100000,0x00000000fa580000)
 ParOldGen       total 685568K, used 617836K [0x00000000c1400000, 0x00000000eb180000, 0x00000000eb180000)
  object space 685568K, 90% used [0x00000000c1400000,0x00000000e6f5b1e8,0x00000000eb180000)
 Metaspace       used 2227872K, capacity 2236126K, committed 2239616K, reserved 3014656K
  class space    used 271628K, capacity 273502K, committed 273536K, reserved 1048576K
}
Event: 12133.028 GC heap before
{Heap before GC invocations=796 (full 17):
 PSYoungGen      total 249856K, used 172440K [0x00000000eb180000, 0x00000000fff00000, 0x0000000100000000)
  eden space 163328K, 100% used [0x00000000eb180000,0x00000000f5100000,0x00000000f5100000)
  from space 86528K, 10% used [0x00000000fa580000,0x00000000fae66120,0x00000000ffa00000)
  to   space 86528K, 0% used [0x00000000f5100000,0x00000000f5100000,0x00000000fa580000)
 ParOldGen       total 685568K, used 617836K [0x00000000c1400000, 0x00000000eb180000, 0x00000000eb180000)
  object space 685568K, 90% used [0x00000000c1400000,0x00000000e6f5b1e8,0x00000000eb180000)
 Metaspace       used 2242385K, capacity 2250654K, committed 2254080K, reserved 3028992K
  class space    used 273275K, capacity 275150K, committed 275200K, reserved 1048576K
Event: 12133.113 GC heap after
Heap after GC invocations=796 (full 17):
 PSYoungGen      total 249856K, used 17486K [0x00000000eb180000, 0x00000000ffc00000, 0x0000000100000000)
  eden space 163328K, 0% used [0x00000000eb180000,0x00000000eb180000,0x00000000f5100000)
  from space 86528K, 20% used [0x00000000f5100000,0x00000000f6213910,0x00000000fa580000)
  to   space 84480K, 0% used [0x00000000fa980000,0x00000000fa980000,0x00000000ffc00000)
 ParOldGen       total 685568K, used 621140K [0x00000000c1400000, 0x00000000eb180000, 0x00000000eb180000)
  object space 685568K, 90% used [0x00000000c1400000,0x00000000e7295158,0x00000000eb180000)
 Metaspace       used 2242385K, capacity 2250654K, committed 2254080K, reserved 3028992K
  class space    used 273275K, capacity 275150K, committed 275200K, reserved 1048576K
}
Event: 12135.241 GC heap before
{Heap before GC invocations=797 (full 17):
 PSYoungGen      total 249856K, used 180814K [0x00000000eb180000, 0x00000000ffc00000, 0x0000000100000000)
  eden space 163328K, 100% used [0x00000000eb180000,0x00000000f5100000,0x00000000f5100000)
  from space 86528K, 20% used [0x00000000f5100000,0x00000000f6213910,0x00000000fa580000)
  to   space 84480K, 0% used [0x00000000fa980000,0x00000000fa980000,0x00000000ffc00000)
 ParOldGen       total 685568K, used 621140K [0x00000000c1400000, 0x00000000eb180000, 0x00000000eb180000)
  object space 685568K, 90% used [0x00000000c1400000,0x00000000e7295158,0x00000000eb180000)
 Metaspace       used 2246093K, capacity 2254378K, committed 2257920K, reserved 3031040K
  class space    used 273546K, capacity 275408K, committed 275456K, reserved 1048576K
Event: 12135.790 GC heap after
Heap after GC invocations=797 (full 17):
 PSYoungGen      total 254976K, used 9387K [0x00000000eb180000, 0x00000000ffc00000, 0x0000000100000000)
  eden space 170496K, 0% used [0x00000000eb180000,0x00000000eb180000,0x00000000f5800000)
  from space 84480K, 11% used [0x00000000fa980000,0x00000000fb2aaf10,0x00000000ffc00000)
  to   space 83456K, 0% used [0x00000000f5800000,0x00000000f5800000,0x00000000fa980000)
 ParOldGen       total 685568K, used 628947K [0x00000000c1400000, 0x00000000eb180000, 0x00000000eb180000)
  object space 685568K, 91% used [0x00000000c1400000,0x00000000e7a34ff0,0x00000000eb180000)
 Metaspace       used 2246093K, capacity 2254378K, committed 2257920K, reserved 3031040K
  class space    used 273546K, capacity 275408K, committed 275456K, reserved 1048576K
}

